       Step     Time          Energy          fmax
LBFGS:    0 01:27:19        0.024071        0.058180
       Step     Time          Energy          fmax
MDMin:    0 01:28:09        0.018429        0.058620
       Step     Time          Energy          fmax
MDMin:    0 01:28:09        2.034183        0.621647
MDMin:    1 01:28:09        2.029714        0.619396
MDMin:    2 01:28:09        2.016473        0.612531
MDMin:    3 01:28:09        1.994693        0.600985
MDMin:    4 01:28:09        1.964110        0.584620
MDMin:    5 01:28:09        1.924350        0.563527
MDMin:    6 01:28:09        1.875318        0.538107
MDMin:    7 01:28:09        1.816639        0.508841
MDMin:    8 01:28:09        1.747720        0.476244
MDMin:    9 01:28:09        1.668014        0.440901
MDMin:   10 01:28:09        1.580342        0.404775
MDMin:   11 01:28:09        1.488031        0.369600
MDMin:   12 01:28:09        1.390824        0.335396
MDMin:   13 01:28:09        1.288791        0.304128
MDMin:   14 01:28:09        1.182284        0.271926
MDMin:   15 01:28:09        1.072187        0.264360
MDMin:   16 01:28:09        0.972306        0.251712
MDMin:   17 01:28:09        0.959628        1.370381
MDMin:   18 01:28:09        0.879897        0.301629
MDMin:   19 01:28:09        0.848977        0.283495
MDMin:   20 01:28:09        0.814566        0.233879
MDMin:   21 01:28:09        0.782633        0.177717
MDMin:   22 01:28:09        0.752371        0.182444
MDMin:   23 01:28:09        0.718197        0.168013
MDMin:   24 01:28:09        0.680644        0.170082
MDMin:   25 01:28:09        0.639777        0.151679
MDMin:   26 01:28:09        0.596419        0.165893
MDMin:   27 01:28:09        0.551130        0.138169
       Step     Time          Energy          fmax
MDMin:    0 01:28:09       17.934335        2.317038
MDMin:    1 01:28:09       16.889882        2.103239
MDMin:    2 01:28:09       14.493560        1.570921
MDMin:    3 01:28:09       11.831987        0.962628
MDMin:    4 01:28:09        9.334565        0.615978
MDMin:    5 01:28:09        7.141520        0.504107
MDMin:    6 01:28:09        5.302268        0.456708
MDMin:    7 01:28:09        3.826032        0.433045
MDMin:    8 01:28:09        2.803412        0.579875
MDMin:    9 01:28:09        2.274053        0.383981
MDMin:   10 01:28:09        1.727299        0.365185
MDMin:   11 01:28:09        1.689446        0.243518
MDMin:   12 01:28:09        1.672412        0.211083
MDMin:   13 01:28:09        1.650707        0.143042
       Step     Time          Energy          fmax
MDMin:    0 01:28:09        0.456889        0.452731
MDMin:    1 01:28:09        0.448641        0.449386
MDMin:    2 01:28:09        0.425998        0.438488
MDMin:    3 01:28:09        0.394350        0.421812
MDMin:    4 01:28:09        0.358179        0.401360
MDMin:    5 01:28:09        0.320022        0.378360
MDMin:    6 01:28:09        0.281286        0.352923
MDMin:    7 01:28:09        0.242929        0.325326
MDMin:    8 01:28:09        0.205731        0.296295
MDMin:    9 01:28:09        0.170414        0.266829
MDMin:   10 01:28:09        0.138016        0.239140
MDMin:   11 01:28:09        0.110848        0.217749
MDMin:   12 01:28:09        0.094685        0.185657
MDMin:   13 01:28:09        0.080951        0.171422
MDMin:   14 01:28:09        0.068392        0.135413
       Step     Time          Energy          fmax
MDMin:    0 01:28:09        0.232603        0.333461
MDMin:    1 01:28:09        0.228471        0.326521
MDMin:    2 01:28:09        0.216988        0.306825
MDMin:    3 01:28:09        0.200741        0.280073
MDMin:    4 01:28:09        0.182144        0.251548
MDMin:    5 01:28:09        0.162527        0.223877
MDMin:    6 01:28:09        0.143137        0.198077
MDMin:    7 01:28:09        0.124884        0.174418
MDMin:    8 01:28:09        0.108180        0.153078
MDMin:    9 01:28:09        0.093084        0.134049
       Step     Time          Energy          fmax
MDMin:    0 01:28:09        0.019726        0.082323
       Step     Time          Energy          fmax
MDMin:    0 02:30:31        0.000000        0.000000
       Step     Time          Energy          fmax
MDMin:    0 02:30:31        0.000000        0.000000
       Step     Time          Energy          fmax
MDMin:    0 02:30:31        0.025887        0.059078
